0 info it worked if it ends with ok
1 verbose cli [ 'C:\\Program Files\\nodejs\\node.exe',
1 verbose cli   'C:\\Program Files\\nodejs\\node_modules\\npm\\bin\\npm-cli.js',
1 verbose cli   'start' ]
2 info using npm@3.10.8
3 info using node@v6.9.0
4 verbose run-script [ 'prestart', 'start', 'poststart' ]
5 info lifecycle webpack-express-elm-boilerplate@1.0.0~prestart: webpack-express-elm-boilerplate@1.0.0
6 silly lifecycle webpack-express-elm-boilerplate@1.0.0~prestart: no script for prestart, continuing
7 info lifecycle webpack-express-elm-boilerplate@1.0.0~start: webpack-express-elm-boilerplate@1.0.0
8 verbose lifecycle webpack-express-elm-boilerplate@1.0.0~start: unsafe-perm in lifecycle true
9 verbose lifecycle webpack-express-elm-boilerplate@1.0.0~start: PATH: C:\ProgramData\nvm\v6.9.0\node_modules\npm\bin\node-gyp-bin;C:\school\560-562-fianl-project\node_modules\.bin;C:\Users\cj.meeks\AppData\Local\GitHub\PortableGit_f02737a78695063deace08e96d5042710d3e32db\cmd;C:\Users\cj.meeks\AppData\Local\GitHub\PortableGit_f02737a78695063deace08e96d5042710d3e32db\usr\bin;C:\Users\cj.meeks\AppData\Local\GitHub\PortableGit_f02737a78695063deace08e96d5042710d3e32db\usr\share\git-tfs;C:\Users\cj.meeks\AppData\Local\Apps\2.0\9KCQGCHT.6D6\M9OC8YN2.70A\gith..tion_317444273a93ac29_0003.0003_5794af8169eeff14;C:\Users\cj.meeks\AppData\Local\GitHub\lfs-amd64_1.5.5;C:\Users\cj.meeks\AppData\Local\Apps\2.0\9KCQGCHT.6D6\M9OC8YN2.70A\gith..tion_317444273a93ac29_0003.0003_5794af8169eeff14\NativeBinaries\x86;C:\Program Files\Docker\Docker\Resources\bin;C:\ProgramData\Oracle\Java\javapath;C:\tools\ruby24\bin;C:\Program Files (x86)\Intel\iCLS Client\;C:\Program Files\Intel\iCLS Client\;C:\Windows\system32;C:\Windows;C:\Windows\System32\Wbem;C:\Windows\System32\WindowsPowerShell\v1.0\;C:\Program Files (x86)\Intel\Intel(R) Management Engine Components\DAL;C:\Program Files\Intel\Intel(R) Management Engine Components\DAL;C:\Program Files (x86)\Intel\Intel(R) Management Engine Components\IPT;C:\Program Files\Intel\Intel(R) Management Engine Components\IPT;C:\Program Files (x86)\NVIDIA Corporation\PhysX\Common;C:\WINDOWS\system32;C:\WINDOWS;C:\WINDOWS\System32\Wbem;C:\WINDOWS\System32\WindowsPowerShell\v1.0\;C:\ProgramData\chocolatey\bin;C:\Program Files\Git\cmd;C:\ProgramData\nvm;C:\Program Files\nodejs;C:\Program Files\PostgreSQL\9.6\bin;C:\Users\cj.meeks\AppData\Local\Programs\Python\Python36;C:\Users\cj.meeks\AppData\Local\Programs\Python\Python36\scripts;C:\ProgramData\nvm\v6.9.0\node_modules\elm-format\unpacked_bin;C:\Program Files (x86)\Windows Kits\8.1\Windows Performance Toolkit\;C:\Program Files\PuTTY\;C:\Program Files (x86)\Elm Platform\0.18\bin;C:\Users\cj.meeks\AppData\Local\Microsoft\WindowsApps;C:\Users\cj.meeks\AppData\Local\atom\bin;C:\Program Files\Microsoft VS Code\bin;C:\Users\cj.meeks\AppData\Roaming\local\bin;C:\Users\cj.meeks\AppData\Local\Programs\Fiddler;;C:\Windows\Microsoft.NET\Framework\v4.0.30319\;C:\Program Files (x86)\Microsoft SDKs\Windows\v8.1A\bin\NETFX 4.5.1 Tools\x64
10 verbose lifecycle webpack-express-elm-boilerplate@1.0.0~start: CWD: C:\school\560-562-fianl-project
11 silly lifecycle webpack-express-elm-boilerplate@1.0.0~start: Args: [ '/d /s /c', 'npm-run-all --parallel start:*' ]
12 verbose stack Error: kill ENOSYS
12 verbose stack     at exports._errnoException (util.js:1026:11)
12 verbose stack     at process.kill (internal/process.js:172:13)
12 verbose stack     at process.listener (C:\ProgramData\nvm\v6.9.0\node_modules\npm\node_modules\npmlog\node_modules\gauge\node_modules\signal-exit\index.js:86:15)
12 verbose stack     at emitNone (events.js:91:20)
12 verbose stack     at process.emit (events.js:185:7)
12 verbose stack     at processEmit (C:\ProgramData\nvm\v6.9.0\node_modules\npm\node_modules\npmlog\node_modules\gauge\node_modules\signal-exit\index.js:146:32)
12 verbose stack     at processEmit (C:\ProgramData\nvm\v6.9.0\node_modules\npm\node_modules\npm-registry-client\node_modules\npmlog\node_modules\gauge\node_modules\signal-exit\index.js:146:32)
12 verbose stack     at Signal.wrap.onsignal (internal/process.js:199:44)
13 verbose cwd C:\school\560-562-fianl-project\src\typescript
14 error Windows_NT 10.0.15063
15 error argv "C:\\Program Files\\nodejs\\node.exe" "C:\\Program Files\\nodejs\\node_modules\\npm\\bin\\npm-cli.js" "start"
16 error node v6.9.0
17 error npm  v3.10.8
18 error code ENOSYS
19 error errno ENOSYS
20 error syscall kill
21 error kill ENOSYS
22 error If you need help, you may report this error at:
22 error     <https://github.com/npm/npm/issues>
23 verbose exit [ 1, true ]
